<?xml version="1.0" encoding="UTF-8"?>
<!-- Generated by org.testng.reporters.JUnitReportReporter -->
<testsuite skipped="0" hostname="2S98FC2" name="automation.Automation.LoginPageTest" tests="3" failures="0" timestamp="2020-11-04T08:53:24 IST" time="20.638" errors="0">
  <testcase name="loginTest" time="15.850" classname="automation.Automation.LoginPageTest"/>
  <system-out/>
  <testcase name="createAccountLableTest" time="0.742" classname="automation.Automation.LoginPageTest"/>
  <system-out/>
  <testcase name="LoginAccountLableTest" time="4.046" classname="automation.Automation.LoginPageTest"/>
  <system-out/>
</testsuite> <!-- automation.Automation.LoginPageTest -->
