<?xml version="1.0" encoding="UTF-8"?>
<!-- Generated by org.testng.reporters.JUnitReportReporter -->
<testsuite skipped="0" hostname="2S98FC2" name="automation.Automation.SignInPageTest" tests="1" failures="0" timestamp="2020-11-04T08:53:24 IST" time="2.619" errors="0">
  <testcase name="signInButtonTest" time="2.619" classname="automation.Automation.SignInPageTest"/>
  <system-out/>
</testsuite> <!-- automation.Automation.SignInPageTest -->
